<?xml version="1.0" encoding="UTF-8"?>
<testng-results skipped="0" failed="0" total="1" passed="1">
  <reporter-output>
  </reporter-output>
  <suite name="Default suite" duration-ms="3791" started-at="2020-01-03T15:27:13Z" finished-at="2020-01-03T15:27:16Z">
    <groups>
    </groups>
    <test name="Default test" duration-ms="3791" started-at="2020-01-03T15:27:13Z" finished-at="2020-01-03T15:27:16Z">
      <class name="Demo.Demo">
        <test-method status="PASS" signature="openBrowser()[pri:0, instance:Demo.Demo@51565ec2]" name="openBrowser" duration-ms="3772" started-at="2020-01-03T20:57:13Z" finished-at="2020-01-03T20:57:16Z">
          <reporter-output>
          </reporter-output>
        </test-method> <!-- openBrowser -->
      </class> <!-- Demo.Demo -->
    </test> <!-- Default test -->
  </suite> <!-- Default suite -->
</testng-results>
